
Running 1 test using 1 worker

[1A[2K[1/1] [chromium] › e2e\b2b2c-full-flow.spec.ts:8:7 › B2B2C Full Flow › Complete Flow: Onboarding -> Admin Setup -> Customer Purchase
[1A[2K[chromium] › e2e\b2b2c-full-flow.spec.ts:8:7 › B2B2C Full Flow › Complete Flow: Onboarding -> Admin Setup -> Customer Purchase
[TEST] Starting B2B2C Flow for Store: AutoStore 9vg4na (autostore9vg4na)

[1A[2K[PHASE 1] Starting Onboarding...

[1A[2K[BROWSER]: [DOM] Password field is not contained in a form: (More info: https://goo.gl/9p2vKq) %o

[1A[2K[BROWSER]: %cDownload the React DevTools for a better development experience: https://react.dev/link/react-devtools font-weight:bold

[1A[2K[BROWSER]: [HMR] connected

[1A[2K[BROWSER]: [Fast Refresh] rebuilding

[1A[2K[BROWSER]: Image with src "/images/auth-hero-luxury.png" has "fill" but is missing "sizes" prop. Please add it to improve page performance. Read more: https://nextjs.org/docs/api-reference/next/image#sizes

[1A[2K[PHASE 1] Selecting Category...

[1A[2K[PHASE 1] Selecting Theme...

[1A[2K[BROWSER]: [Fast Refresh] done in 3539ms

[1A[2K[PHASE 1] Finalizing...

[1A[2K[BROWSER]: [Fast Refresh] rebuilding

[1A[2K[BROWSER]: [Fast Refresh] done in 6456ms

[1A[2K[BROWSER]: %cDownload the React DevTools for a better development experience: https://react.dev/link/react-devtools font-weight:bold

[1A[2K[BROWSER]: [DOM] Input elements should have autocomplete attributes (suggested: "current-password"): (More info: https://goo.gl/9p2vKq) %o

[1A[2K[BROWSER]: [HMR] connected

[1A[2K[BROWSER]: [Fast Refresh] rebuilding

[1A[2K[PHASE 1] Redirected to Tenant: http://autostore9vg4na.localhost:3000/en/login

[1A[2K[PHASE 2] Admin Login...

[1A[2K[BROWSER]: [Fast Refresh] done in 297ms

[1A[2K[PHASE 2 DEBUG] Login Status: 200

[1A[2K[PHASE 2 ERROR] Login failed with UI error: 

[1A[2K[PHASE 2] Waiting for Admin Redirect...

[1A[2K  1) [chromium] › e2e\b2b2c-full-flow.spec.ts:8:7 › B2B2C Full Flow › Complete Flow: Onboarding -> Admin Setup -> Customer Purchase 

    TimeoutError: page.waitForURL: Timeout 30000ms exceeded.
    =========================== logs ===========================
    waiting for navigation until "load"
    ============================================================

      133 |     console.log("[PHASE 2] Waiting for Admin Redirect...");
      134 |     // Increase timeout for cold starts or complex permission checks
    > 135 |     await page.waitForURL(/\/admin/, { timeout: 30000 });
          |                ^
      136 |     console.log("[PHASE 2] Logged into Admin Dashboard");
      137 |
      138 |     // =========================================================================
        at D:\ecommerce-main\web\e2e\b2b2c-full-flow.spec.ts:135:16

    Error Context: test-results\b2b2c-full-flow-B2B2C-Full-ef736-n-Setup---Customer-Purchase-chromium\error-context.md


[1A[2K  1 failed
    [chromium] › e2e\b2b2c-full-flow.spec.ts:8:7 › B2B2C Full Flow › Complete Flow: Onboarding -> Admin Setup -> Customer Purchase 
