[1A[2K[2m[WebServer] [22m[33m[1m⚠[22m[39m "next start" does not work with "output: standalone" configuration. Use "node .next/standalone/server.js" instead.


Running 1 test using 1 worker

[1A[2K[2m[WebServer] [22m[Shop] CMS Config not found for home on 127.0.0.1 (Status: 403)

[1A[2K[2m[WebServer] [22m[TenantProvider] API returned 403 for 127.0.0.1:3000

[1A[2K[1/1] [chromium] › e2e\b2b2c-full-flow.spec.ts:9:7 › B2B2C Full Flow › Complete Flow: Onboarding -> Admin Setup -> Customer Purchase
[1A[2K[chromium] › e2e\b2b2c-full-flow.spec.ts:9:7 › B2B2C Full Flow › Complete Flow: Onboarding -> Admin Setup -> Customer Purchase
[TEST] Starting B2B2C Flow for Store: AutoStore n6o0c (autostoren6o0c)

[1A[2K[PHASE 1] Starting Onboarding...

[1A[2K[PHASE 1] Selecting Category...

[1A[2K[PHASE 1] Selecting Theme...

[1A[2K[PHASE 1] Finalizing...

[1A[2K[PHASE 1] Redirected to Tenant: http://autostoren6o0c.localhost:3000/en/login

[1A[2K[PHASE 2] Admin Login...

[1A[2K  1) [chromium] › e2e\b2b2c-full-flow.spec.ts:9:7 › B2B2C Full Flow › Complete Flow: Onboarding -> Admin Setup -> Customer Purchase 

    [31mTest timeout of 120000ms exceeded.[39m

    Error: page.waitForURL: Test timeout of 120000ms exceeded.
    =========================== logs ===========================
    waiting for navigation until "load"
    ============================================================

      88 |
      89 |     // Expect Redirect to Admin Dashboard or Home
    > 90 |     await page.waitForURL(/\/admin/);
         |                ^
      91 |     console.log("[PHASE 2] Logged into Admin Dashboard");
      92 |
      93 |     // Go to Products
        at D:\ecommerce-main\web\e2e\b2b2c-full-flow.spec.ts:90:16

    Error Context: test-results\b2b2c-full-flow-B2B2C-Full-ef736-n-Setup---Customer-Purchase-chromium\error-context.md


[1A[2K  1 failed
    [chromium] › e2e\b2b2c-full-flow.spec.ts:9:7 › B2B2C Full Flow › Complete Flow: Onboarding -> Admin Setup -> Customer Purchase 
